c:\users\runer\documents\uhasselt\informatica bach 2\computer graphics\project\computer-graphics-project\project code\project cg\x64\debug\vc143.pdb
c:\users\runer\documents\uhasselt\informatica bach 2\computer graphics\project\computer-graphics-project\project code\project cg\x64\debug\vc143.idb
c:\users\runer\documents\uhasselt\informatica bach 2\computer graphics\project\computer-graphics-project\project code\project cg\x64\debug\stb_image.obj
c:\users\runer\documents\uhasselt\informatica bach 2\computer graphics\project\computer-graphics-project\project code\project cg\x64\debug\model.obj
c:\users\runer\documents\uhasselt\informatica bach 2\computer graphics\project\computer-graphics-project\project code\project cg\x64\debug\mesh.obj
c:\users\runer\documents\uhasselt\informatica bach 2\computer graphics\project\computer-graphics-project\project code\project cg\x64\debug\mazeobject.obj
c:\users\runer\documents\uhasselt\informatica bach 2\computer graphics\project\computer-graphics-project\project code\project cg\x64\debug\mazehandler.obj
c:\users\runer\documents\uhasselt\informatica bach 2\computer graphics\project\computer-graphics-project\project code\project cg\x64\debug\mazegenerator.obj
c:\users\runer\documents\uhasselt\informatica bach 2\computer graphics\project\computer-graphics-project\project code\project cg\x64\debug\main.obj
c:\users\runer\documents\uhasselt\informatica bach 2\computer graphics\project\computer-graphics-project\project code\project cg\x64\debug\interactiondetector.obj
c:\users\runer\documents\uhasselt\informatica bach 2\computer graphics\project\computer-graphics-project\project code\project cg\x64\debug\collisiondetector.obj
c:\users\runer\documents\uhasselt\informatica bach 2\computer graphics\project\computer-graphics-project\project code\project cg\x64\debug\glad.obj
c:\users\runer\documents\uhasselt\informatica bach 2\computer graphics\project\computer-graphics-project\project code\project cg\x64\debug\project cg.ilk
c:\users\runer\documents\uhasselt\informatica bach 2\computer graphics\project\computer-graphics-project\project code\project cg\x64\debug\project cg.exe
c:\users\runer\documents\uhasselt\informatica bach 2\computer graphics\project\computer-graphics-project\project code\project cg\x64\debug\project cg.pdb
c:\users\runer\documents\uhasselt\informatica bach 2\computer graphics\project\computer-graphics-project\project code\project cg\x64\debug\project cg.tlog\cl.command.1.tlog
c:\users\runer\documents\uhasselt\informatica bach 2\computer graphics\project\computer-graphics-project\project code\project cg\x64\debug\project cg.tlog\cl.read.1.tlog
c:\users\runer\documents\uhasselt\informatica bach 2\computer graphics\project\computer-graphics-project\project code\project cg\x64\debug\project cg.tlog\cl.write.1.tlog
c:\users\runer\documents\uhasselt\informatica bach 2\computer graphics\project\computer-graphics-project\project code\project cg\x64\debug\project cg.tlog\link.command.1.tlog
c:\users\runer\documents\uhasselt\informatica bach 2\computer graphics\project\computer-graphics-project\project code\project cg\x64\debug\project cg.tlog\link.read.1.tlog
c:\users\runer\documents\uhasselt\informatica bach 2\computer graphics\project\computer-graphics-project\project code\project cg\x64\debug\project cg.tlog\link.write.1.tlog
